Build started 2015/10/19 23:21:25.
     1>Project "D:\Documents\Academics\COMP4411\RaySkelF14\ray.vcxproj" on node 2 (Rebuild target(s)).
     1>ClCompile:
         D:\Program Files (x86)\Microsoft Visual Studio 12.0\VC\bin\CL.exe /c /Ilocal\include /Zi /nologo /W3 /WX- /O2 /Ob2 /Oy- /D NDEBUG /D _WINDOWS /D WIN32 /D SAMPLE_SOLUTION /D _VC80_UPGRADE=0x0600 /D _MBCS /GF /Gm- /EHsc /MD /GS /Gy /fp:precise /Zc:wchar_t /Zc:forScope /GR /Fo".\Release/" /Fd".\Release/vc120.pdb" /Gd /TP /analyze- /errorReport:prompt src\getopt.cpp src\main.cpp src\RayTracer.cpp src\ui\TraceGLWindow.cpp src\ui\TraceUI.cpp src\fileio\bitmap.cpp src\fileio\parse.cpp src\fileio\read.cpp src\vecmath\vecmath.cpp src\scene\camera.cpp src\scene\light.cpp src\scene\material.cpp src\scene\ray.cpp src\scene\scene.cpp src\SceneObjects\Box.cpp src\SceneObjects\Cone.cpp src\SceneObjects\Cylinder.cpp src\SceneObjects\Sphere.cpp src\SceneObjects\Square.cpp src\SceneObjects\trimesh.cpp
         getopt.cpp
         main.cpp
         RayTracer.cpp
     1>d:\documents\academics\comp4411\rayskelf14\src\fileio/parse.h(180): warning C4018: '<' : signed/unsigned mismatch
         TraceGLWindow.cpp
         TraceUI.cpp
     1>src\ui\TraceUI.cpp(34): warning C4996: 'sprintf': This function or variable may be unsafe. Consider using sprintf_s instead. To disable deprecation, use _CRT_SECURE_NO_WARNINGS. See online help for details.
                 D:\Program Files (x86)\Microsoft Visual Studio 12.0\VC\include\stdio.h(356) : see declaration of 'sprintf'
     1>src\ui\TraceUI.cpp(37): warning C4996: 'sprintf': This function or variable may be unsafe. Consider using sprintf_s instead. To disable deprecation, use _CRT_SECURE_NO_WARNINGS. See online help for details.
                 D:\Program Files (x86)\Microsoft Visual Studio 12.0\VC\include\stdio.h(356) : see declaration of 'sprintf'
     1>src\ui\TraceUI.cpp(160): warning C4996: 'sprintf': This function or variable may be unsafe. Consider using sprintf_s instead. To disable deprecation, use _CRT_SECURE_NO_WARNINGS. See online help for details.
                 D:\Program Files (x86)\Microsoft Visual Studio 12.0\VC\include\stdio.h(356) : see declaration of 'sprintf'
         bitmap.cpp
     1>src\fileio\bitmap.cpp(22): warning C4996: 'fopen': This function or variable may be unsafe. Consider using fopen_s instead. To disable deprecation, use _CRT_SECURE_NO_WARNINGS. See online help for details.
                 D:\Program Files (x86)\Microsoft Visual Studio 12.0\VC\include\stdio.h(211) : see declaration of 'fopen'
     1>src\fileio\bitmap.cpp(127): warning C4996: 'fopen': This function or variable may be unsafe. Consider using fopen_s instead. To disable deprecation, use _CRT_SECURE_NO_WARNINGS. See online help for details.
                 D:\Program Files (x86)\Microsoft Visual Studio 12.0\VC\include\stdio.h(211) : see declaration of 'fopen'
         parse.cpp
     1>d:\documents\academics\comp4411\rayskelf14\src\fileio\parse.h(180): warning C4018: '<' : signed/unsigned mismatch
         read.cpp
     1>d:\documents\academics\comp4411\rayskelf14\src\fileio\parse.h(180): warning C4018: '<' : signed/unsigned mismatch
         vecmath.cpp
         camera.cpp
         light.cpp
         material.cpp
         ray.cpp
         scene.cpp
         Box.cpp
         Cone.cpp
         Cylinder.cpp
         Sphere.cpp
         Square.cpp
         trimesh.cpp
     1>src\SceneObjects\trimesh.cpp(91): warning C4244: '=' : conversion from 'double' to 'float', possible loss of data
     1>src\SceneObjects\trimesh.cpp(102): warning C4244: 'initializing' : conversion from 'double' to 'float', possible loss of data
         Generating Code...
       Link:
         D:\Program Files (x86)\Microsoft Visual Studio 12.0\VC\bin\link.exe /ERRORREPORT:PROMPT /OUT:".\Release/ray.exe" /INCREMENTAL:NO /NOLOGO /LIBPATH:local\lib fltkd.lib wsock32.lib opengl32.lib odbc32.lib odbccp32.lib kernel32.lib user32.lib gdi32.lib winspool.lib comdlg32.lib advapi32.lib shell32.lib ole32.lib oleaut32.lib uuid.lib odbc32.lib odbccp32.lib /NODEFAULTLIB:libcmt /MANIFEST /MANIFESTUAC:"level='asInvoker' uiAccess='false'" /manifest:embed /PDB:".\Release\ray.pdb" /MAP:".\Release/ray.map" /SUBSYSTEM:WINDOWS /TLBID:1 /DYNAMICBASE:NO /IMPLIB:".\Release\ray.lib" /MACHINE:X86 /SAFESEH:NO .\Release/getopt.obj
         .\Release/main.obj
         .\Release/RayTracer.obj
         .\Release/TraceGLWindow.obj
         .\Release/TraceUI.obj
         .\Release/bitmap.obj
         .\Release/parse.obj
         .\Release/read.obj
         .\Release/vecmath.obj
         .\Release/camera.obj
         .\Release/light.obj
         .\Release/material.obj
         .\Release/ray.obj
         .\Release/scene.obj
         .\Release/Box.obj
         .\Release/Cone.obj
         .\Release/Cylinder.obj
         .\Release/Sphere.obj
         .\Release/Square.obj
         .\Release/trimesh.obj
     1>LINK : warning LNK4098: defaultlib 'MSVCRTD' conflicts with use of other libs; use /NODEFAULTLIB:library
         ray.vcxproj -> D:\Documents\Academics\COMP4411\RaySkelF14\.\Release\ray.exe
     1>Done Building Project "D:\Documents\Academics\COMP4411\RaySkelF14\ray.vcxproj" (Rebuild target(s)).

Build succeeded.

Time Elapsed 00:00:37.85
