d:\documents\academics\comp4411\rayskelf14\release\vc120.pdb
d:\documents\academics\comp4411\rayskelf14\release\trimesh.obj
d:\documents\academics\comp4411\rayskelf14\release\square.obj
d:\documents\academics\comp4411\rayskelf14\release\sphere.obj
d:\documents\academics\comp4411\rayskelf14\release\cylinder.obj
d:\documents\academics\comp4411\rayskelf14\release\cone.obj
d:\documents\academics\comp4411\rayskelf14\release\box.obj
d:\documents\academics\comp4411\rayskelf14\release\scene.obj
d:\documents\academics\comp4411\rayskelf14\release\ray.obj
d:\documents\academics\comp4411\rayskelf14\release\material.obj
d:\documents\academics\comp4411\rayskelf14\release\light.obj
d:\documents\academics\comp4411\rayskelf14\release\camera.obj
d:\documents\academics\comp4411\rayskelf14\release\vecmath.obj
d:\documents\academics\comp4411\rayskelf14\release\read.obj
d:\documents\academics\comp4411\rayskelf14\release\parse.obj
d:\documents\academics\comp4411\rayskelf14\release\bitmap.obj
d:\documents\academics\comp4411\rayskelf14\release\traceui.obj
d:\documents\academics\comp4411\rayskelf14\release\traceglwindow.obj
d:\documents\academics\comp4411\rayskelf14\release\raytracer.obj
d:\documents\academics\comp4411\rayskelf14\release\main.obj
d:\documents\academics\comp4411\rayskelf14\release\getopt.obj
d:\documents\academics\comp4411\rayskelf14\release\ray.exe
d:\documents\academics\comp4411\rayskelf14\release\ray.map
d:\documents\academics\comp4411\rayskelf14\.\release\ray.exe
d:\documents\academics\comp4411\rayskelf14\release\ray.tlog\cl.command.1.tlog
d:\documents\academics\comp4411\rayskelf14\release\ray.tlog\cl.read.1.tlog
d:\documents\academics\comp4411\rayskelf14\release\ray.tlog\cl.write.1.tlog
d:\documents\academics\comp4411\rayskelf14\release\ray.tlog\link.command.1.tlog
d:\documents\academics\comp4411\rayskelf14\release\ray.tlog\link.read.1.tlog
d:\documents\academics\comp4411\rayskelf14\release\ray.tlog\link.write.1.tlog
